{"C:\\Users\\Daniel B\\SDD-TDD-Framework\\src\\application\\SpecManager.ts": {"path":"C:\\Users\\Daniel B\\SDD-TDD-Framework\\src\\application\\SpecManager.ts","all":false,"statementMap":{"1":{"start":{"line":2,"column":0},"end":{"line":2,"column":26}},"2":{"start":{"line":3,"column":0},"end":{"line":3,"column":38}},"3":{"start":{"line":4,"column":0},"end":{"line":4,"column":68}},"4":{"start":{"line":5,"column":0},"end":{"line":5,"column":60}},"5":{"start":{"line":6,"column":0},"end":{"line":6,"column":60}},"6":{"start":{"line":7,"column":0},"end":{"line":7,"column":56}},"7":{"start":{"line":8,"column":0},"end":{"line":8,"column":3}},"8":{"start":{"line":9,"column":0},"end":{"line":9,"column":1}}},"s":{"1":1,"2":1,"3":1,"4":1,"5":1,"6":1,"7":1,"8":1},"branchMap":{"0":{"type":"branch","line":2,"loc":{"start":{"line":2,"column":7},"end":{"line":9,"column":1}},"locations":[{"start":{"line":2,"column":7},"end":{"line":9,"column":1}}]},"1":{"type":"branch","line":4,"loc":{"start":{"line":4,"column":2},"end":{"line":4,"column":68}},"locations":[{"start":{"line":4,"column":2},"end":{"line":4,"column":68}}]},"2":{"type":"branch","line":5,"loc":{"start":{"line":5,"column":2},"end":{"line":5,"column":60}},"locations":[{"start":{"line":5,"column":2},"end":{"line":5,"column":60}}]},"3":{"type":"branch","line":6,"loc":{"start":{"line":6,"column":2},"end":{"line":8,"column":3}},"locations":[{"start":{"line":6,"column":2},"end":{"line":8,"column":3}}]},"4":{"type":"branch","line":7,"loc":{"start":{"line":7,"column":27},"end":{"line":7,"column":54}},"locations":[{"start":{"line":7,"column":27},"end":{"line":7,"column":54}}]}},"b":{"0":[1],"1":[1],"2":[1],"3":[1],"4":[1]},"fnMap":{"0":{"name":"<instance_members_initializer>","decl":{"start":{"line":2,"column":7},"end":{"line":9,"column":1}},"loc":{"start":{"line":2,"column":7},"end":{"line":9,"column":1}},"line":2},"1":{"name":"registerSpec","decl":{"start":{"line":4,"column":2},"end":{"line":4,"column":68}},"loc":{"start":{"line":4,"column":2},"end":{"line":4,"column":68}},"line":4},"2":{"name":"getAllSpecs","decl":{"start":{"line":5,"column":2},"end":{"line":5,"column":60}},"loc":{"start":{"line":5,"column":2},"end":{"line":5,"column":60}},"line":5},"3":{"name":"getSpecByTitle","decl":{"start":{"line":6,"column":2},"end":{"line":8,"column":3}},"loc":{"start":{"line":6,"column":2},"end":{"line":8,"column":3}},"line":6}},"f":{"0":1,"1":1,"2":1,"3":1}}
,"C:\\Users\\Daniel B\\SDD-TDD-Framework\\src\\domain\\Specification.ts": {"path":"C:\\Users\\Daniel B\\SDD-TDD-Framework\\src\\domain\\Specification.ts","all":false,"statementMap":{"1":{"start":{"line":2,"column":0},"end":{"line":2,"column":28}},"2":{"start":{"line":3,"column":0},"end":{"line":3,"column":39}},"3":{"start":{"line":4,"column":0},"end":{"line":4,"column":67}},"4":{"start":{"line":5,"column":0},"end":{"line":5,"column":83}},"5":{"start":{"line":6,"column":0},"end":{"line":6,"column":3}},"6":{"start":{"line":7,"column":0},"end":{"line":7,"column":49}},"7":{"start":{"line":8,"column":0},"end":{"line":8,"column":43}},"8":{"start":{"line":9,"column":0},"end":{"line":9,"column":25}},"9":{"start":{"line":10,"column":0},"end":{"line":10,"column":98}},"10":{"start":{"line":11,"column":0},"end":{"line":11,"column":27}},"11":{"start":{"line":12,"column":0},"end":{"line":12,"column":3}},"12":{"start":{"line":13,"column":0},"end":{"line":13,"column":19}},"13":{"start":{"line":14,"column":0},"end":{"line":14,"column":76}},"14":{"start":{"line":15,"column":0},"end":{"line":15,"column":29}},"15":{"start":{"line":16,"column":0},"end":{"line":16,"column":3}},"16":{"start":{"line":17,"column":0},"end":{"line":17,"column":18}},"17":{"start":{"line":18,"column":0},"end":{"line":18,"column":76}},"18":{"start":{"line":19,"column":0},"end":{"line":19,"column":29}},"19":{"start":{"line":20,"column":0},"end":{"line":20,"column":3}},"20":{"start":{"line":21,"column":0},"end":{"line":21,"column":1}}},"s":{"1":1,"2":11,"3":11,"4":11,"5":11,"6":11,"7":11,"8":11,"9":8,"10":6,"11":8,"12":11,"13":4,"14":3,"15":4,"16":11,"17":2,"18":1,"19":2,"20":11},"branchMap":{"0":{"type":"branch","line":2,"loc":{"start":{"line":2,"column":7},"end":{"line":21,"column":1}},"locations":[{"start":{"line":2,"column":7},"end":{"line":21,"column":1}}]},"1":{"type":"branch","line":4,"loc":{"start":{"line":4,"column":2},"end":{"line":6,"column":3}},"locations":[{"start":{"line":4,"column":2},"end":{"line":6,"column":3}}]},"2":{"type":"branch","line":5,"loc":{"start":{"line":5,"column":9},"end":{"line":5,"column":39}},"locations":[{"start":{"line":5,"column":9},"end":{"line":5,"column":39}}]},"3":{"type":"branch","line":5,"loc":{"start":{"line":5,"column":39},"end":{"line":5,"column":83}},"locations":[{"start":{"line":5,"column":39},"end":{"line":5,"column":83}}]},"4":{"type":"branch","line":7,"loc":{"start":{"line":7,"column":2},"end":{"line":7,"column":49}},"locations":[{"start":{"line":7,"column":2},"end":{"line":7,"column":49}}]},"5":{"type":"branch","line":8,"loc":{"start":{"line":8,"column":2},"end":{"line":8,"column":43}},"locations":[{"start":{"line":8,"column":2},"end":{"line":8,"column":43}}]},"6":{"type":"branch","line":9,"loc":{"start":{"line":9,"column":2},"end":{"line":12,"column":3}},"locations":[{"start":{"line":9,"column":2},"end":{"line":12,"column":3}}]},"7":{"type":"branch","line":10,"loc":{"start":{"line":10,"column":24},"end":{"line":10,"column":63}},"locations":[{"start":{"line":10,"column":24},"end":{"line":10,"column":63}}]},"8":{"type":"branch","line":10,"loc":{"start":{"line":10,"column":63},"end":{"line":10,"column":98}},"locations":[{"start":{"line":10,"column":63},"end":{"line":10,"column":98}}]},"9":{"type":"branch","line":10,"loc":{"start":{"line":10,"column":96},"end":{"line":11,"column":27}},"locations":[{"start":{"line":10,"column":96},"end":{"line":11,"column":27}}]},"10":{"type":"branch","line":13,"loc":{"start":{"line":13,"column":2},"end":{"line":16,"column":3}},"locations":[{"start":{"line":13,"column":2},"end":{"line":16,"column":3}}]},"11":{"type":"branch","line":14,"loc":{"start":{"line":14,"column":34},"end":{"line":14,"column":76}},"locations":[{"start":{"line":14,"column":34},"end":{"line":14,"column":76}}]},"12":{"type":"branch","line":14,"loc":{"start":{"line":14,"column":74},"end":{"line":15,"column":29}},"locations":[{"start":{"line":14,"column":74},"end":{"line":15,"column":29}}]},"13":{"type":"branch","line":17,"loc":{"start":{"line":17,"column":2},"end":{"line":20,"column":3}},"locations":[{"start":{"line":17,"column":2},"end":{"line":20,"column":3}}]},"14":{"type":"branch","line":18,"loc":{"start":{"line":18,"column":34},"end":{"line":19,"column":29}},"locations":[{"start":{"line":18,"column":34},"end":{"line":19,"column":29}}]}},"b":{"0":[11],"1":[11],"2":[10],"3":[2],"4":[6],"5":[2],"6":[8],"7":[3],"8":[2],"9":[6],"10":[4],"11":[1],"12":[3],"13":[2],"14":[1]},"fnMap":{"0":{"name":"<instance_members_initializer>","decl":{"start":{"line":2,"column":7},"end":{"line":21,"column":1}},"loc":{"start":{"line":2,"column":7},"end":{"line":21,"column":1}},"line":2},"1":{"name":"Specification","decl":{"start":{"line":4,"column":2},"end":{"line":6,"column":3}},"loc":{"start":{"line":4,"column":2},"end":{"line":6,"column":3}},"line":4},"2":{"name":"getStatus","decl":{"start":{"line":7,"column":2},"end":{"line":7,"column":49}},"loc":{"start":{"line":7,"column":2},"end":{"line":7,"column":49}},"line":7},"3":{"name":"getTitle","decl":{"start":{"line":8,"column":2},"end":{"line":8,"column":43}},"loc":{"start":{"line":8,"column":2},"end":{"line":8,"column":43}},"line":8},"4":{"name":"requestReview","decl":{"start":{"line":9,"column":2},"end":{"line":12,"column":3}},"loc":{"start":{"line":9,"column":2},"end":{"line":12,"column":3}},"line":9},"5":{"name":"approve","decl":{"start":{"line":13,"column":2},"end":{"line":16,"column":3}},"loc":{"start":{"line":13,"column":2},"end":{"line":16,"column":3}},"line":13},"6":{"name":"reject","decl":{"start":{"line":17,"column":2},"end":{"line":20,"column":3}},"loc":{"start":{"line":17,"column":2},"end":{"line":20,"column":3}},"line":17}},"f":{"0":11,"1":11,"2":6,"3":2,"4":8,"5":4,"6":2}}
,"C:\\Users\\Daniel B\\SDD-TDD-Framework\\src\\domain\\Task.ts": {"path":"C:\\Users\\Daniel B\\SDD-TDD-Framework\\src\\domain\\Task.ts","all":false,"statementMap":{"2":{"start":{"line":3,"column":0},"end":{"line":3,"column":19}},"3":{"start":{"line":4,"column":0},"end":{"line":4,"column":38}},"5":{"start":{"line":6,"column":0},"end":{"line":6,"column":67}},"6":{"start":{"line":7,"column":0},"end":{"line":7,"column":40}},"7":{"start":{"line":8,"column":0},"end":{"line":8,"column":50}},"8":{"start":{"line":9,"column":0},"end":{"line":9,"column":5}},"9":{"start":{"line":10,"column":0},"end":{"line":10,"column":3}},"11":{"start":{"line":12,"column":0},"end":{"line":12,"column":22}},"12":{"start":{"line":13,"column":0},"end":{"line":13,"column":22}},"13":{"start":{"line":14,"column":0},"end":{"line":14,"column":3}},"15":{"start":{"line":16,"column":0},"end":{"line":16,"column":27}},"16":{"start":{"line":17,"column":0},"end":{"line":17,"column":23}},"17":{"start":{"line":18,"column":0},"end":{"line":18,"column":3}},"19":{"start":{"line":20,"column":0},"end":{"line":20,"column":17}},"20":{"start":{"line":21,"column":0},"end":{"line":21,"column":32}},"21":{"start":{"line":22,"column":0},"end":{"line":22,"column":3}},"23":{"start":{"line":24,"column":0},"end":{"line":24,"column":20}},"24":{"start":{"line":25,"column":0},"end":{"line":25,"column":40}},"25":{"start":{"line":26,"column":0},"end":{"line":26,"column":74}},"26":{"start":{"line":27,"column":0},"end":{"line":27,"column":5}},"27":{"start":{"line":28,"column":0},"end":{"line":28,"column":25}},"28":{"start":{"line":29,"column":0},"end":{"line":29,"column":3}},"29":{"start":{"line":30,"column":0},"end":{"line":30,"column":1}}},"s":{"2":1,"3":6,"5":6,"6":6,"7":2,"8":2,"9":6,"11":6,"12":1,"13":1,"15":6,"16":3,"17":3,"19":6,"20":2,"21":2,"23":6,"24":2,"25":1,"26":1,"27":1,"28":2,"29":6},"branchMap":{"0":{"type":"branch","line":3,"loc":{"start":{"line":3,"column":7},"end":{"line":30,"column":1}},"locations":[{"start":{"line":3,"column":7},"end":{"line":30,"column":1}}]},"1":{"type":"branch","line":6,"loc":{"start":{"line":6,"column":2},"end":{"line":10,"column":3}},"locations":[{"start":{"line":6,"column":2},"end":{"line":10,"column":3}}]},"2":{"type":"branch","line":7,"loc":{"start":{"line":7,"column":9},"end":{"line":7,"column":39}},"locations":[{"start":{"line":7,"column":9},"end":{"line":7,"column":39}}]},"3":{"type":"branch","line":7,"loc":{"start":{"line":7,"column":39},"end":{"line":9,"column":5}},"locations":[{"start":{"line":7,"column":39},"end":{"line":9,"column":5}}]},"4":{"type":"branch","line":12,"loc":{"start":{"line":12,"column":2},"end":{"line":14,"column":3}},"locations":[{"start":{"line":12,"column":2},"end":{"line":14,"column":3}}]},"5":{"type":"branch","line":16,"loc":{"start":{"line":16,"column":2},"end":{"line":18,"column":3}},"locations":[{"start":{"line":16,"column":2},"end":{"line":18,"column":3}}]},"6":{"type":"branch","line":20,"loc":{"start":{"line":20,"column":2},"end":{"line":22,"column":3}},"locations":[{"start":{"line":20,"column":2},"end":{"line":22,"column":3}}]},"7":{"type":"branch","line":24,"loc":{"start":{"line":24,"column":2},"end":{"line":29,"column":3}},"locations":[{"start":{"line":24,"column":2},"end":{"line":29,"column":3}}]},"8":{"type":"branch","line":25,"loc":{"start":{"line":25,"column":39},"end":{"line":28,"column":25}},"locations":[{"start":{"line":25,"column":39},"end":{"line":28,"column":25}}]}},"b":{"0":[6],"1":[6],"2":[5],"3":[2],"4":[1],"5":[3],"6":[2],"7":[2],"8":[1]},"fnMap":{"0":{"name":"<instance_members_initializer>","decl":{"start":{"line":3,"column":7},"end":{"line":30,"column":1}},"loc":{"start":{"line":3,"column":7},"end":{"line":30,"column":1}},"line":3},"1":{"name":"Task","decl":{"start":{"line":6,"column":2},"end":{"line":10,"column":3}},"loc":{"start":{"line":6,"column":2},"end":{"line":10,"column":3}},"line":6},"2":{"name":"getTitle","decl":{"start":{"line":12,"column":2},"end":{"line":14,"column":3}},"loc":{"start":{"line":12,"column":2},"end":{"line":14,"column":3}},"line":12},"3":{"name":"getStatus","decl":{"start":{"line":16,"column":2},"end":{"line":18,"column":3}},"loc":{"start":{"line":16,"column":2},"end":{"line":18,"column":3}},"line":16},"4":{"name":"start","decl":{"start":{"line":20,"column":2},"end":{"line":22,"column":3}},"loc":{"start":{"line":20,"column":2},"end":{"line":22,"column":3}},"line":20},"5":{"name":"complete","decl":{"start":{"line":24,"column":2},"end":{"line":29,"column":3}},"loc":{"start":{"line":24,"column":2},"end":{"line":29,"column":3}},"line":24}},"f":{"0":6,"1":6,"2":1,"3":3,"4":2,"5":2}}
}
